<?xml version="1.0" encoding="UTF-8"?>
<!-- Generated by org.testng.reporters.JUnitReportReporter -->
<testsuite hostname="DESKTOP-5VJNL8D" failures="0" tests="9" name="lambda101.LambdaTests" time="65.481" errors="0" timestamp="2024-07-10T19:35:15 EDT" skipped="0">
  <testcase classname="lambda101.LambdaTests" name="testScenario1" time="12.301"/>
  <testcase classname="lambda101.LambdaTests" name="testScenario1" time="8.844"/>
  <testcase classname="lambda101.LambdaTests" name="testScenario1" time="5.369"/>
  <testcase classname="lambda101.LambdaTests" name="testScenario2" time="2.875"/>
  <testcase classname="lambda101.LambdaTests" name="testScenario2" time="2.721"/>
  <testcase classname="lambda101.LambdaTests" name="testScenario2" time="5.326"/>
  <testcase classname="lambda101.LambdaTests" name="testScenario3" time="5.146"/>
  <testcase classname="lambda101.LambdaTests" name="testScenario3" time="9.556"/>
  <testcase classname="lambda101.LambdaTests" name="testScenario3" time="13.343"/>
</testsuite> <!-- lambda101.LambdaTests -->
